Using pre-set license
Built from '2020.3/staging' branch; Version is '2020.3.13f1 (71691879b7f5) revision 7432472'; Using compiler version '192528614'; Build Type 'Release'
OS: 'Windows 10 Home; OS build 19043.1288; Version 2009; 64bit' Language: 'en' Physical Memory: 16234 MB
BatchMode: 1, IsHumanControllingUs: 0, StartBugReporterOnCrash: 0, Is64bit: 1, IsPro: 0

 COMMAND LINE ARGUMENTS:
C:\Program Files (x86)\Unity\Hub\Editor\2020.3.13f1\Editor\Unity.exe
-adb2
-batchMode
-noUpm
-name
AssetImportWorker0
-projectPath
C:/Users/aidan/Desktop/G300 Assignments/Speedy-Knight/Speedy Knight
-logFile
Logs/AssetImportWorker0.log
-srvPort
61622
Successfully changed project path to: C:/Users/aidan/Desktop/G300 Assignments/Speedy-Knight/Speedy Knight
C:/Users/aidan/Desktop/G300 Assignments/Speedy-Knight/Speedy Knight
Using Asset Import Pipeline V2.
Refreshing native plugins compatible for Editor in 139.47 ms, found 3 plugins.
Preloading 0 native plugins for Editor in 0.00 ms.
Initialize engine version: 2020.3.13f1 (71691879b7f5)
[Subsystems] Discovering subsystems at path C:/Program Files (x86)/Unity/Hub/Editor/2020.3.13f1/Editor/Data/Resources/UnitySubsystems
[Subsystems] Discovering subsystems at path C:/Users/aidan/Desktop/G300 Assignments/Speedy-Knight/Speedy Knight/Assets
GfxDevice: creating device client; threaded=0
Direct3D:
    Version:  Direct3D 11.0 [level 11.1]
    Renderer: Intel(R) UHD Graphics 630 (ID=0x3e9b)
    Vendor:   
    VRAM:     8117 MB
    Driver:   23.20.16.5018
Initialize mono
Mono path[0] = 'C:/Program Files (x86)/Unity/Hub/Editor/2020.3.13f1/Editor/Data/Managed'
Mono path[1] = 'C:/Program Files (x86)/Unity/Hub/Editor/2020.3.13f1/Editor/Data/MonoBleedingEdge/lib/mono/unityjit'
Mono config path = 'C:/Program Files (x86)/Unity/Hub/Editor/2020.3.13f1/Editor/Data/MonoBleedingEdge/etc'
Using monoOptions --debugger-agent=transport=dt_socket,embedding=1,server=y,suspend=n,address=127.0.0.1:56484
Begin MonoManager ReloadAssembly
Registering precompiled unity dll's ...
Register platform support module: C:/Program Files (x86)/Unity/Hub/Editor/2020.3.13f1/Editor/Data/PlaybackEngines/WebGLSupport/UnityEditor.WebGL.Extensions.dll
Register platform support module: C:/Program Files (x86)/Unity/Hub/Editor/2020.3.13f1/Editor/Data/PlaybackEngines/WindowsStandaloneSupport/UnityEditor.WindowsStandalone.Extensions.dll
Registered in 0.014024 seconds.
Native extension for WindowsStandalone target not found
Native extension for WebGL target not found
Refreshing native plugins compatible for Editor in 147.40 ms, found 3 plugins.
Preloading 0 native plugins for Editor in 0.00 ms.
Mono: successfully reloaded assembly
- Completed reload, in  5.061 seconds
Platform modules already initialized, skipping
Registering precompiled user dll's ...
Registered in 0.024685 seconds.
Begin MonoManager ReloadAssembly
Native extension for WindowsStandalone target not found
Native extension for WebGL target not found
Refreshing native plugins compatible for Editor in 140.66 ms, found 3 plugins.
Preloading 0 native plugins for Editor in 0.00 ms.
Mono: successfully reloaded assembly
- Completed reload, in  4.192 seconds
Platform modules already initialized, skipping
========================================================================
Worker process is ready to serve import requests
Launched and connected shader compiler UnityShaderCompiler.exe after 0.11 seconds
Refreshing native plugins compatible for Editor in 0.54 ms, found 3 plugins.
Preloading 0 native plugins for Editor in 0.00 ms.
Unloading 2086 Unused Serialized files (Serialized files now loaded: 0)
System memory in use before: 93.0 MB.
System memory in use after: 92.9 MB.

Unloading 33 unused Assets to reduce memory usage. Loaded Objects now: 2519.
Total: 3.481800 ms (FindLiveObjects: 0.237800 ms CreateObjectMapping: 0.112300 ms MarkObjects: 2.967100 ms  DeleteObjects: 0.162400 ms)

AssetImportParameters requested are different than current active one (requested -> active):
  custom:framework-win-MediaFoundation: 216162199b28c13a410421893ffa2e32 -> 
  custom:video-decoder-ogg-theora: a1e56fd34408186e4bbccfd4996cb3dc -> 
  custom:container-muxer-webm: aa71ff27fc2769a1b78a27578f13a17b -> 
  custom:container-demuxer-webm: 4f35f7cbe854078d1ac9338744f61a02 -> 
  custom:container-demuxer-ogg: 62fdf1f143b41e24485cea50d1cbac27 -> 
  custom:video-encoder-webm-vp8: eb34c28f22e8b96e1ab97ce403110664 -> 
  custom:video-codec-MediaFoundation-h265: 746d11721c4dcdbdad8f713fa42b33f4 -> 
  custom:video-decoder-webm-vp8: 9c59270c3fd7afecdb556c50c9e8de78 -> 
  custom:audio-decoder-ogg-vorbis: bf7c407c2cedff20999df2af8eb42d56 -> 
  custom:audio-encoder-webm-vorbis: bf7c407c2cedff20999df2af8eb42d56 -> 
========================================================================
Received Import Request.
  path: Assets/2DPlatformerController/Assets/2DPlatformer
  artifactKey: Guid(50f5d97ad379c9841bda1bbf6eb08d14) Importer(815301076,1909f56bfc062723c751e8b465ee728b)
Start importing Assets/2DPlatformerController/Assets/2DPlatformer using Guid(50f5d97ad379c9841bda1bbf6eb08d14) Importer(815301076,1909f56bfc062723c751e8b465ee728b)  -> (artifact id: '6dd70a64f2c1dae74ca3ee76c1da243d') in 0.018238 seconds 
  Import took 0.023344 seconds .

========================================================================
Received Import Request.
  Time since last request: 0.000382 seconds.
  path: Assets/2DPlatformerController
  artifactKey: Guid(47bf18e9916f40b459d1b840732b4a59) Importer(815301076,1909f56bfc062723c751e8b465ee728b)
Start importing Assets/2DPlatformerController using Guid(47bf18e9916f40b459d1b840732b4a59) Importer(815301076,1909f56bfc062723c751e8b465ee728b)  -> (artifact id: '8e8fa1fa8b8f81dcb1e6aec8a9c49bd7') in 0.017699 seconds 
  Import took 0.023607 seconds .

========================================================================
Received Import Request.
  Time since last request: 0.000401 seconds.
  path: Assets/2DPlatformerController/Assets
  artifactKey: Guid(d2e6bacbf40ef124ba9a5448f2ad9e99) Importer(815301076,1909f56bfc062723c751e8b465ee728b)
Start importing Assets/2DPlatformerController/Assets using Guid(d2e6bacbf40ef124ba9a5448f2ad9e99) Importer(815301076,1909f56bfc062723c751e8b465ee728b)  -> (artifact id: '662e12f63d9f57cf9b974b0b3077fa8a') in 0.021256 seconds 
  Import took 0.029484 seconds .

========================================================================
Received Import Request.
  Time since last request: 0.000437 seconds.
  path: Assets/2DPlatformerController/Assets/2DPlatformer/Deadzone Follow Camera.prefab
  artifactKey: Guid(0f387d2a5577afa47b4f87e4e846f091) Importer(815301076,1909f56bfc062723c751e8b465ee728b)
Start importing Assets/2DPlatformerController/Assets/2DPlatformer/Deadzone Follow Camera.prefab using Guid(0f387d2a5577afa47b4f87e4e846f091) Importer(815301076,1909f56bfc062723c751e8b465ee728b)  -> (artifact id: 'c941564357e3b7f4d2e364ffa748d530') in 0.184379 seconds 
  Import took 0.195619 seconds .

========================================================================
Received Import Request.
  Time since last request: 0.520984 seconds.
  path: Assets/2DPlatformerController/ProjectSettings
  artifactKey: Guid(968e35514de5abc41b5bd871761b222a) Importer(815301076,1909f56bfc062723c751e8b465ee728b)
Start importing Assets/2DPlatformerController/ProjectSettings using Guid(968e35514de5abc41b5bd871761b222a) Importer(815301076,1909f56bfc062723c751e8b465ee728b)  -> (artifact id: '78b076b2e5d7e2488e8d9e3c12d7490c') in 0.027994 seconds 
  Import took 0.038339 seconds .

========================================================================
Received Prepare
Registering precompiled user dll's ...
Registered in 0.016322 seconds.
Begin MonoManager ReloadAssembly
Native extension for WindowsStandalone target not found
Native extension for WebGL target not found
Refreshing native plugins compatible for Editor in 1.51 ms, found 3 plugins.
Preloading 0 native plugins for Editor in 0.00 ms.
Mono: successfully reloaded assembly
- Completed reload, in  3.514 seconds
Platform modules already initialized, skipping
Refreshing native plugins compatible for Editor in 0.87 ms, found 3 plugins.
Preloading 0 native plugins for Editor in 0.00 ms.
Unloading 2081 Unused Serialized files (Serialized files now loaded: 0)
System memory in use before: 92.9 MB.
System memory in use after: 92.9 MB.

Unloading 21 unused Assets to reduce memory usage. Loaded Objects now: 2523.
Total: 5.281900 ms (FindLiveObjects: 0.361800 ms CreateObjectMapping: 0.146900 ms MarkObjects: 4.622800 ms  DeleteObjects: 0.148700 ms)

AssetImportParameters requested are different than current active one (requested -> active):
  custom:framework-win-MediaFoundation: 216162199b28c13a410421893ffa2e32 -> 
  custom:video-decoder-ogg-theora: a1e56fd34408186e4bbccfd4996cb3dc -> 
  custom:container-muxer-webm: aa71ff27fc2769a1b78a27578f13a17b -> 
  custom:container-demuxer-webm: 4f35f7cbe854078d1ac9338744f61a02 -> 
  custom:container-demuxer-ogg: 62fdf1f143b41e24485cea50d1cbac27 -> 
  custom:video-encoder-webm-vp8: eb34c28f22e8b96e1ab97ce403110664 -> 
  custom:video-codec-MediaFoundation-h265: 746d11721c4dcdbdad8f713fa42b33f4 -> 
  custom:video-decoder-webm-vp8: 9c59270c3fd7afecdb556c50c9e8de78 -> 
  custom:audio-decoder-ogg-vorbis: bf7c407c2cedff20999df2af8eb42d56 -> 
  custom:audio-encoder-webm-vorbis: bf7c407c2cedff20999df2af8eb42d56 -> 
========================================================================
Received Import Request.
  Time since last request: 56.131380 seconds.
  path: Assets/2DPlatformer
  artifactKey: Guid(359a05b5b5456624b9fb7d1b8f16485d) Importer(815301076,1909f56bfc062723c751e8b465ee728b)
Start importing Assets/2DPlatformer using Guid(359a05b5b5456624b9fb7d1b8f16485d) Importer(815301076,1909f56bfc062723c751e8b465ee728b)  -> (artifact id: '67c4da9d2a139eb9c1da9136c786766e') in 0.010081 seconds 
  Import took 0.015504 seconds .

========================================================================
Received Import Request.
  Time since last request: 10.379556 seconds.
  path: Assets/2DPlatformer/Scenes
  artifactKey: Guid(575859428bab5d247814a29476736b47) Importer(815301076,1909f56bfc062723c751e8b465ee728b)
Start importing Assets/2DPlatformer/Scenes using Guid(575859428bab5d247814a29476736b47) Importer(815301076,1909f56bfc062723c751e8b465ee728b)  -> (artifact id: '271127097c9469b36a17979aba6a56fd') in 0.025146 seconds 
  Import took 0.035290 seconds .

========================================================================
Received Import Request.
  Time since last request: 0.001215 seconds.
  path: Assets/2DPlatformer/Scenes
  artifactKey: Guid(575859428bab5d247814a29476736b47) Importer(815301076,1909f56bfc062723c751e8b465ee728b)
Start importing Assets/2DPlatformer/Scenes using Guid(575859428bab5d247814a29476736b47) Importer(815301076,1909f56bfc062723c751e8b465ee728b)  -> (artifact id: '271127097c9469b36a17979aba6a56fd') in 0.009086 seconds 
  Import took 0.017070 seconds .

========================================================================
Received Import Request.
  Time since last request: 1.092678 seconds.
  path: Assets/2DPlatformer/Scenes/2DPlatformerMain.unity
  artifactKey: Guid(e0a1972c08fa4654a9c1bd74e5d9e085) Importer(815301076,1909f56bfc062723c751e8b465ee728b)
Start importing Assets/2DPlatformer/Scenes/2DPlatformerMain.unity using Guid(e0a1972c08fa4654a9c1bd74e5d9e085) Importer(815301076,1909f56bfc062723c751e8b465ee728b)  -> (artifact id: '5370406db3956780d08dbcaa84d70e08') in 0.048138 seconds 
  Import took 0.085056 seconds .

========================================================================
Received Import Request.
  Time since last request: 21.274606 seconds.
  path: Assets/2DPlatformer/Prefabs/DemoCrate.prefab
  artifactKey: Guid(6ccf0ce9da7c5894492f1dd3ccc8c9ee) Importer(815301076,1909f56bfc062723c751e8b465ee728b)
Start importing Assets/2DPlatformer/Prefabs/DemoCrate.prefab using Guid(6ccf0ce9da7c5894492f1dd3ccc8c9ee) Importer(815301076,1909f56bfc062723c751e8b465ee728b)  -> (artifact id: 'fa5c8bd1599697cdc567a5eb12ad33f2') in 0.306374 seconds 
  Import took 0.325221 seconds .

========================================================================
Received Import Request.
  Time since last request: 0.000843 seconds.
  path: Assets/2DPlatformer/Prefabs/Level.prefab
  artifactKey: Guid(cefdc9cb5c29254498f8928fb68d283c) Importer(815301076,1909f56bfc062723c751e8b465ee728b)
Start importing Assets/2DPlatformer/Prefabs/Level.prefab using Guid(cefdc9cb5c29254498f8928fb68d283c) Importer(815301076,1909f56bfc062723c751e8b465ee728b)  -> (artifact id: '396afbd41f9b56a1a196f1614e3c3991') in 0.309949 seconds 
  Import took 0.326866 seconds .

========================================================================
Received Import Request.
  Time since last request: 0.000449 seconds.
  path: Assets/2DPlatformer/Prefabs/PlayerStart.prefab
  artifactKey: Guid(e7fcecc826687024e9b52ec763b14088) Importer(815301076,1909f56bfc062723c751e8b465ee728b)
Start importing Assets/2DPlatformer/Prefabs/PlayerStart.prefab using Guid(e7fcecc826687024e9b52ec763b14088) Importer(815301076,1909f56bfc062723c751e8b465ee728b)  -> (artifact id: '23fde4cd9ad530969266d771ae6ff6e2') in 0.062350 seconds 
  Import took 0.070713 seconds .

========================================================================
Received Prepare
Registering precompiled user dll's ...
Registered in 0.010277 seconds.
Begin MonoManager ReloadAssembly
Native extension for WindowsStandalone target not found
Native extension for WebGL target not found
Refreshing native plugins compatible for Editor in 0.79 ms, found 3 plugins.
Preloading 0 native plugins for Editor in 0.00 ms.
Mono: successfully reloaded assembly
- Completed reload, in  3.440 seconds
Platform modules already initialized, skipping
Refreshing native plugins compatible for Editor in 1.08 ms, found 3 plugins.
Preloading 0 native plugins for Editor in 0.00 ms.
Unloading 2082 Unused Serialized files (Serialized files now loaded: 0)
System memory in use before: 97.3 MB.
System memory in use after: 97.3 MB.

Unloading 21 unused Assets to reduce memory usage. Loaded Objects now: 2535.
Total: 3.693300 ms (FindLiveObjects: 0.237100 ms CreateObjectMapping: 0.119200 ms MarkObjects: 3.126500 ms  DeleteObjects: 0.208200 ms)

AssetImportParameters requested are different than current active one (requested -> active):
  custom:framework-win-MediaFoundation: 216162199b28c13a410421893ffa2e32 -> 
  custom:video-decoder-ogg-theora: a1e56fd34408186e4bbccfd4996cb3dc -> 
  custom:container-muxer-webm: aa71ff27fc2769a1b78a27578f13a17b -> 
  custom:container-demuxer-webm: 4f35f7cbe854078d1ac9338744f61a02 -> 
  custom:container-demuxer-ogg: 62fdf1f143b41e24485cea50d1cbac27 -> 
  custom:video-encoder-webm-vp8: eb34c28f22e8b96e1ab97ce403110664 -> 
  custom:video-codec-MediaFoundation-h265: 746d11721c4dcdbdad8f713fa42b33f4 -> 
  custom:video-decoder-webm-vp8: 9c59270c3fd7afecdb556c50c9e8de78 -> 
  custom:audio-decoder-ogg-vorbis: bf7c407c2cedff20999df2af8eb42d56 -> 
  custom:audio-encoder-webm-vorbis: bf7c407c2cedff20999df2af8eb42d56 -> 
========================================================================
Received Import Request.
  Time since last request: 98.671094 seconds.
  path: Assets/PhysicsObject.cs
  artifactKey: Guid(ac8dabc97e58e674eb9e7139a1c2f9f7) Importer(815301076,1909f56bfc062723c751e8b465ee728b)
Start importing Assets/PhysicsObject.cs using Guid(ac8dabc97e58e674eb9e7139a1c2f9f7) Importer(815301076,1909f56bfc062723c751e8b465ee728b)  -> (artifact id: '046ba859db66f211c3380ce850148553') in 0.044286 seconds 
  Import took 0.050855 seconds .

========================================================================
Received Prepare
Registering precompiled user dll's ...
Registered in 0.012262 seconds.
Begin MonoManager ReloadAssembly
Native extension for WindowsStandalone target not found
Native extension for WebGL target not found
Refreshing native plugins compatible for Editor in 3.70 ms, found 3 plugins.
Preloading 0 native plugins for Editor in 0.00 ms.
Mono: successfully reloaded assembly
- Completed reload, in  5.372 seconds
Platform modules already initialized, skipping
Refreshing native plugins compatible for Editor in 2.58 ms, found 3 plugins.
Preloading 0 native plugins for Editor in 0.00 ms.
Unloading 2082 Unused Serialized files (Serialized files now loaded: 0)
System memory in use before: 97.4 MB.
System memory in use after: 97.3 MB.

Unloading 21 unused Assets to reduce memory usage. Loaded Objects now: 2539.
Total: 9.456100 ms (FindLiveObjects: 1.947600 ms CreateObjectMapping: 0.426000 ms MarkObjects: 6.715000 ms  DeleteObjects: 0.359700 ms)

AssetImportParameters requested are different than current active one (requested -> active):
  custom:framework-win-MediaFoundation: 216162199b28c13a410421893ffa2e32 -> 
  custom:video-decoder-ogg-theora: a1e56fd34408186e4bbccfd4996cb3dc -> 
  custom:container-muxer-webm: aa71ff27fc2769a1b78a27578f13a17b -> 
  custom:container-demuxer-webm: 4f35f7cbe854078d1ac9338744f61a02 -> 
  custom:container-demuxer-ogg: 62fdf1f143b41e24485cea50d1cbac27 -> 
  custom:video-encoder-webm-vp8: eb34c28f22e8b96e1ab97ce403110664 -> 
  custom:video-codec-MediaFoundation-h265: 746d11721c4dcdbdad8f713fa42b33f4 -> 
  custom:video-decoder-webm-vp8: 9c59270c3fd7afecdb556c50c9e8de78 -> 
  custom:audio-decoder-ogg-vorbis: bf7c407c2cedff20999df2af8eb42d56 -> 
  custom:audio-encoder-webm-vorbis: bf7c407c2cedff20999df2af8eb42d56 -> 
========================================================================
Received Import Request.
  Time since last request: 348.399538 seconds.
  path: Assets/PhysicsObject.cs
  artifactKey: Guid(ac8dabc97e58e674eb9e7139a1c2f9f7) Importer(815301076,1909f56bfc062723c751e8b465ee728b)
Start importing Assets/PhysicsObject.cs using Guid(ac8dabc97e58e674eb9e7139a1c2f9f7) Importer(815301076,1909f56bfc062723c751e8b465ee728b)  -> (artifact id: '175b7ad73ce81d05bf81e9538f625eb8') in 0.024858 seconds 
  Import took 0.041096 seconds .

========================================================================
Received Prepare
Registering precompiled user dll's ...
Registered in 0.008630 seconds.
Begin MonoManager ReloadAssembly
Native extension for WindowsStandalone target not found
Native extension for WebGL target not found
Refreshing native plugins compatible for Editor in 0.59 ms, found 3 plugins.
Preloading 0 native plugins for Editor in 0.00 ms.
Mono: successfully reloaded assembly
- Completed reload, in  2.231 seconds
Platform modules already initialized, skipping
Refreshing native plugins compatible for Editor in 0.69 ms, found 3 plugins.
Preloading 0 native plugins for Editor in 0.00 ms.
Unloading 2082 Unused Serialized files (Serialized files now loaded: 0)
System memory in use before: 97.4 MB.
System memory in use after: 97.4 MB.

Unloading 21 unused Assets to reduce memory usage. Loaded Objects now: 2543.
Total: 5.560800 ms (FindLiveObjects: 0.375600 ms CreateObjectMapping: 0.164100 ms MarkObjects: 4.838200 ms  DeleteObjects: 0.179000 ms)

AssetImportParameters requested are different than current active one (requested -> active):
  custom:framework-win-MediaFoundation: 216162199b28c13a410421893ffa2e32 -> 
  custom:video-decoder-ogg-theora: a1e56fd34408186e4bbccfd4996cb3dc -> 
  custom:container-muxer-webm: aa71ff27fc2769a1b78a27578f13a17b -> 
  custom:container-demuxer-webm: 4f35f7cbe854078d1ac9338744f61a02 -> 
  custom:container-demuxer-ogg: 62fdf1f143b41e24485cea50d1cbac27 -> 
  custom:video-encoder-webm-vp8: eb34c28f22e8b96e1ab97ce403110664 -> 
  custom:video-codec-MediaFoundation-h265: 746d11721c4dcdbdad8f713fa42b33f4 -> 
  custom:video-decoder-webm-vp8: 9c59270c3fd7afecdb556c50c9e8de78 -> 
  custom:audio-decoder-ogg-vorbis: bf7c407c2cedff20999df2af8eb42d56 -> 
  custom:audio-encoder-webm-vorbis: bf7c407c2cedff20999df2af8eb42d56 -> 
========================================================================
Received Prepare
Registering precompiled user dll's ...
Registered in 0.008890 seconds.
Begin MonoManager ReloadAssembly
Native extension for WindowsStandalone target not found
Native extension for WebGL target not found
Refreshing native plugins compatible for Editor in 1.04 ms, found 3 plugins.
Preloading 0 native plugins for Editor in 0.00 ms.
Mono: successfully reloaded assembly
- Completed reload, in  2.445 seconds
Platform modules already initialized, skipping
Refreshing native plugins compatible for Editor in 1.12 ms, found 3 plugins.
Preloading 0 native plugins for Editor in 0.00 ms.
Unloading 2082 Unused Serialized files (Serialized files now loaded: 0)
System memory in use before: 97.4 MB.
System memory in use after: 97.4 MB.

Unloading 21 unused Assets to reduce memory usage. Loaded Objects now: 2547.
Total: 4.509000 ms (FindLiveObjects: 0.335100 ms CreateObjectMapping: 0.127900 ms MarkObjects: 3.853700 ms  DeleteObjects: 0.189800 ms)

AssetImportParameters requested are different than current active one (requested -> active):
  custom:framework-win-MediaFoundation: 216162199b28c13a410421893ffa2e32 -> 
  custom:video-decoder-ogg-theora: a1e56fd34408186e4bbccfd4996cb3dc -> 
  custom:container-muxer-webm: aa71ff27fc2769a1b78a27578f13a17b -> 
  custom:container-demuxer-webm: 4f35f7cbe854078d1ac9338744f61a02 -> 
  custom:container-demuxer-ogg: 62fdf1f143b41e24485cea50d1cbac27 -> 
  custom:video-encoder-webm-vp8: eb34c28f22e8b96e1ab97ce403110664 -> 
  custom:video-codec-MediaFoundation-h265: 746d11721c4dcdbdad8f713fa42b33f4 -> 
  custom:video-decoder-webm-vp8: 9c59270c3fd7afecdb556c50c9e8de78 -> 
  custom:audio-decoder-ogg-vorbis: bf7c407c2cedff20999df2af8eb42d56 -> 
  custom:audio-encoder-webm-vorbis: bf7c407c2cedff20999df2af8eb42d56 -> 
